<?xml version="1.0" encoding="UTF-8"?>
<!-- Generated by org.testng.reporters.JUnitReportReporter -->
<testsuite skipped="0" hostname="SAMINCHANA" name="myproject.tests.HomePageTests" tests="3" failures="0" timestamp="2019-11-14T12:20:01 IST" time="51.433" errors="0">
  <testcase name="validateWelComeLinkPresent" time="20.129" classname="myproject.tests.HomePageTests"/>
  <testcase name="validateAboutLink" time="16.967" classname="myproject.tests.HomePageTests"/>
  <testcase name="validateLogout" time="14.337" classname="myproject.tests.HomePageTests"/>
</testsuite> <!-- myproject.tests.HomePageTests -->
