<?xml version="1.0" encoding="UTF-8"?>
<!-- Generated by org.testng.reporters.JUnitReportReporter -->
<testsuite skipped="0" hostname="SAMINCHANA" name="MavenFirstProject.MFP.HomePageTests" tests="3" failures="0" timestamp="2019-11-15T19:28:47 IST" time="38.642" errors="0">
  <testcase name="validateWelComeLinkPresent" time="11.967" classname="MavenFirstProject.MFP.HomePageTests"/>
  <testcase name="validateAboutLink" time="13.293" classname="MavenFirstProject.MFP.HomePageTests"/>
  <testcase name="validateLogout" time="13.382" classname="MavenFirstProject.MFP.HomePageTests"/>
</testsuite> <!-- MavenFirstProject.MFP.HomePageTests -->
